<?xml version="1.0" encoding="UTF-8"?>
<!-- Generated by org.testng.reporters.JUnitReportReporter -->
<testsuite hostname="LAPTOP-JF75M5NU" failures="0" tests="1" name="com.Test.corouselHandling" time="51.577" errors="0" timestamp="2024-01-02T21:30:39 IST" skipped="0">
  <testcase classname="com.Test.corouselHandling" name="f" time="51.577"/>
</testsuite> <!-- com.Test.corouselHandling -->
