<?xml version="1.0" encoding="UTF-8"?>
<!-- Generated by org.testng.reporters.JUnitReportReporter -->
<testsuite hostname="LAPTOP-JF75M5NU" failures="0" tests="1" name="com.Test.svgElementHandling" time="35.552" errors="0" timestamp="2024-01-03T16:33:56 IST" skipped="0">
  <testcase classname="com.Test.svgElementHandling" name="doAction" time="35.552"/>
</testsuite> <!-- com.Test.svgElementHandling -->
