<?xml version="1.0" encoding="UTF-8"?>
<!-- Generated by org.testng.reporters.JUnitReportReporter -->
<testsuite hostname="LAPTOP-JF75M5NU" failures="0" tests="2" name="com.Test.TestClass2" time="96.628" errors="0" timestamp="2024-01-01T14:35:45 IST" skipped="0">
  <testcase classname="com.Test.TestClass2" name="countPopulation" time="39.556"/>
  <testcase classname="com.Test.TestClass2" name="counttodAndYearPop" time="57.072"/>
</testsuite> <!-- com.Test.TestClass2 -->
