<?xml version="1.0" encoding="UTF-8"?>
<!-- Generated by org.testng.reporters.JUnitReportReporter -->
<testsuite hostname="LAPTOP-JF75M5NU" failures="0" tests="1" name="com.Test.filterSelection" time="16.423" errors="0" timestamp="2024-01-09T19:01:28 IST" skipped="0">
  <testcase classname="com.Test.filterSelection" name="selectFilter" time="16.423"/>
</testsuite> <!-- com.Test.filterSelection -->
