<?xml version="1.0" encoding="UTF-8"?>
<!-- Generated by org.testng.reporters.JUnitReportReporter -->
<testsuite hostname="LAPTOP-JF75M5NU" failures="0" tests="1" name="com.Test.filterSelection" time="15.898" errors="0" timestamp="2024-01-09T18:15:57 IST" skipped="0">
  <testcase classname="com.Test.filterSelection" name="selectFilter" time="15.898"/>
</testsuite> <!-- com.Test.filterSelection -->
